Surefire test--Test start

Before Login
****************************************************************************************
****************************************************************************************
$$$$$$$$$$$$$$$$$$$$$                 HomePageTest       $$$$$$$$$$$$$$$$$$$$$$$$$
****************************************************************************************
****************************************************************************************
[TestClass class scenarios.HomePageTest]:validateHeaderComponents--Test Started->
Test 'validateHeaderComponents' FAILED

org.openqa.selenium.NoSuchElementException: Unable to locate element: {"method":"xpath","selector":"//span[contains(text(),'Electronics')]"}
Command duration or timeout: 22 milliseconds
For documentation on this error, please visit: http://seleniumhq.org/exceptions/no_such_element.html
Build info: version: '2.53.0', revision: '35ae25b1534ae328c771e0856c93e187490ca824', time: '2016-03-15 10:43:46'
System info: host: 'N/A', ip: 'N/A', os.name: 'Mac OS X', os.arch: 'x86_64', os.version: '10.12', java.version: '1.7.0_67'
*** Element info: {Using=xpath, value=//span[contains(text(),'Electronics')]}
Session ID: 93dbebdd-2bb4-d645-b2c6-1dce07828059
Driver info: org.openqa.selenium.firefox.FirefoxDriver
Capabilities [{platform=MAC, acceptSslCerts=true, javascriptEnabled=true, cssSelectorsEnabled=true, databaseEnabled=true, browserName=firefox, handlesAlerts=true, nativeEvents=false, webStorageEnabled=true, rotatable=false, locationContextEnabled=true, applicationCacheEnabled=true, takesScreenshot=true, version=41.0}]
Priority of this method is 0

Before Login
****************************************************************************************
****************************************************************************************
$$$$$$$$$$$$$$$$$$$$$                 LoginTest       $$$$$$$$$$$$$$$$$$$$$$$$$
****************************************************************************************
****************************************************************************************
[TestClass class scenarios.LoginTest]:testLoginPageDisplayed--Test Started->
Test 'testLoginPageDisplayed'  PASSED  
Priority of this method is 0

[TestClass class scenarios.HomePageTest]:validateFooterComponents--Test Started->
Test 'validateFooterComponents'  PASSED  
Priority of this method is 1

[TestClass class scenarios.LoginTest]:testLoginSuccess--Test Started->
Test 'testLoginSuccess'  PASSED  
Priority of this method is 1

[TestClass class scenarios.HomePageTest]:searchProduct--Test Started->
Test 'searchProduct'  PASSED  
Priority of this method is 2

Surefire test--Test Finish->

